<?xml version="1.0" encoding="UTF-8"?>
<!-- Generated by org.testng.reporters.JUnitXMLReporter -->
<testsuite hostname="DESKTOP-B2220QC" ignored="1" name="ChromeTest(failed)" tests="1" failures="0" timestamp="2022-01-31T09:41:00 IST" time="13.169" errors="0">
  <testcase name="toVerityUserTab" time="2.763" classname="test.VeryActitimeHeaders"/>
  <testcase name="toVerityReportTab" time="0.0" classname="test.VeryActitimeHeaders">
    <ignored/>
  </testcase> <!-- toVerityReportTab -->
</testsuite> <!-- ChromeTest(failed) -->
