<?xml version="1.0" encoding="UTF-8"?>
<!-- Generated by org.testng.reporters.JUnitXMLReporter -->
<testsuite hostname="DESKTOP-B2220QC" ignored="1" name="FirefoxTest(failed)" tests="1" failures="0" timestamp="2022-01-31T09:41:20 IST" time="19.921" errors="0">
  <testcase name="toVerityUserTab" time="0.755" classname="test.VeryActitimeHeaders"/>
  <testcase name="toVerityReportTab" time="0.0" classname="test.VeryActitimeHeaders">
    <ignored/>
  </testcase> <!-- toVerityReportTab -->
</testsuite> <!-- FirefoxTest(failed) -->
